<?xml version="1.0" encoding="UTF-8"?>
<!-- Generated by org.testng.reporters.JUnitReportReporter -->
<testsuite name="com.dbx.tests.FileUploadTest" tests="1" time="82.756" ignored="0" failures="0" timestamp="10 Sep 2018 10:02:08 GMT" skipped="0" hostname="LT-NKC-T-MY" errors="0">
  <testcase name="deletedUploadFileTest" time="82.756" classname="com.dbx.tests.FileUploadTest"/>
</testsuite> <!-- com.dbx.tests.FileUploadTest -->
