<?xml version="1.0" encoding="UTF-8"?>
<!-- Generated by org.testng.reporters.JUnitReportReporter -->
<testsuite name="com.dbx.tests.CreateFolderTest" tests="1" time="125.345" ignored="0" failures="0" timestamp="10 Sep 2018 08:28:13 GMT" skipped="0" hostname="LT-NKC-T-MY" errors="0">
  <testcase name="createFolderTest" time="125.345" classname="com.dbx.tests.CreateFolderTest"/>
</testsuite> <!-- com.dbx.tests.CreateFolderTest -->
