<?xml version="1.0" encoding="UTF-8"?>
<!-- Generated by org.testng.reporters.JUnitReportReporter -->
<testsuite name="com.dbx.tests.LoginTest" tests="2" time="97.842" ignored="0" failures="0" timestamp="10 Sep 2018 08:13:16 GMT" skipped="0" hostname="LT-NKC-T-MY" errors="0">
  <testcase name="loginTest" time="40.728" classname="com.dbx.tests.LoginTest"/>
  <testcase name="logoutTest" time="57.114" classname="com.dbx.tests.LoginTest"/>
</testsuite> <!-- com.dbx.tests.LoginTest -->
